app/build/intermediates/manifest_merge_blame_file/debug/manifest-merger-blame-debug-report.txt
1<?xml version="1.0" encoding="utf-8"?>
2<manifest xmlns:android="http://schemas.android.com/apk/res/android"
3    package="com.example.myproject"
4    android:versionCode="1"
5    android:versionName="1.0" >
6
7    <uses-sdk
8        android:minSdkVersion="21"
8-->src\main\AndroidManifest.xml
9        android:targetSdkVersion="29" />
9-->src\main\AndroidManifest.xml
10
11    <uses-permission android:name="android.permission.WRITE_EXTERNAL_STORAGE" />
11-->src\main\AndroidManifest.xml:4:5-80
11-->src\main\AndroidManifest.xml:4:22-78
12    <uses-permission android:name="android.permission.READ_EXTERNAL_STORAGE" />
12-->src\main\AndroidManifest.xml:5:5-79
12-->src\main\AndroidManifest.xml:5:22-77
13    <uses-permission android:name="android.permission.INTERNET" />
13-->src\main\AndroidManifest.xml:6:5-67
13-->src\main\AndroidManifest.xml:6:22-64
14
15    <!-- Required by older versions of Google Play services to create GCM registration tokens -->
16    <uses-permission android:name="com.google.android.c2dm.permission.RECEIVE" /> <!-- Although the *SdkVersion is captured in gradle build files, this is required for non gradle builds -->
16-->[com.google.android.gms:play-services-gcm:16.0.0] AndroidManifest.xml:23:5-82
16-->[com.google.android.gms:play-services-gcm:16.0.0] AndroidManifest.xml:23:22-79
17    <!-- <uses-sdk android:minSdkVersion="14"/> -->
18    <uses-permission android:name="android.permission.ACCESS_NETWORK_STATE" />
18-->[com.google.firebase:firebase-storage:19.1.0] AndroidManifest.xml:26:5-79
18-->[com.google.firebase:firebase-storage:19.1.0] AndroidManifest.xml:26:22-76
19    <uses-permission android:name="android.permission.WAKE_LOCK" />
19-->[com.google.android.gms:play-services-measurement-api:17.2.0] AndroidManifest.xml:24:5-68
19-->[com.google.android.gms:play-services-measurement-api:17.2.0] AndroidManifest.xml:24:22-65
20    <uses-permission android:name="com.google.android.finsky.permission.BIND_GET_INSTALL_REFERRER_SERVICE" />
20-->[com.google.android.gms:play-services-measurement:17.2.0] AndroidManifest.xml:26:5-110
20-->[com.google.android.gms:play-services-measurement:17.2.0] AndroidManifest.xml:26:22-107
21
22    <application
22-->src\main\AndroidManifest.xml:7:5-30:19
23        android:allowBackup="true"
23-->src\main\AndroidManifest.xml:8:9-35
24        android:appComponentFactory="androidx.core.app.CoreComponentFactory"
24-->[androidx.core:core:1.1.0] AndroidManifest.xml:24:18-86
25        android:debuggable="true"
26        android:icon="@mipmap/ic_launcher"
26-->src\main\AndroidManifest.xml:9:9-43
27        android:label="@string/app_name"
27-->src\main\AndroidManifest.xml:10:9-41
28        android:roundIcon="@mipmap/ic_launcher_round"
28-->src\main\AndroidManifest.xml:11:9-54
29        android:supportsRtl="true"
29-->src\main\AndroidManifest.xml:12:9-35
30        android:testOnly="true"
31        android:theme="@style/AppTheme" >
31-->src\main\AndroidManifest.xml:13:9-40
32        <activity android:name="com.example.myproject.activites.UserItemViewActivity" />
32-->src\main\AndroidManifest.xml:14:9-77
32-->src\main\AndroidManifest.xml:14:19-65
33        <activity android:name="com.example.myproject.activites.ItemViewActivity" />
33-->src\main\AndroidManifest.xml:15:9-64
33-->src\main\AndroidManifest.xml:15:19-61
34        <activity android:name="com.example.myproject.activites.AddItemActivity" />
34-->src\main\AndroidManifest.xml:16:9-63
34-->src\main\AndroidManifest.xml:16:19-60
35        <activity android:name="com.example.myproject.activites.RegisterActivity" />
35-->src\main\AndroidManifest.xml:17:9-64
35-->src\main\AndroidManifest.xml:17:19-61
36        <activity android:name="com.example.myproject.activites.LoginActivity" />
36-->src\main\AndroidManifest.xml:18:9-61
36-->src\main\AndroidManifest.xml:18:19-58
37        <activity
37-->src\main\AndroidManifest.xml:19:9-22:59
38            android:name="com.example.myproject.activites.ProfileActivity"
38-->src\main\AndroidManifest.xml:20:13-54
39            android:label="@string/title_activity_profile"
39-->src\main\AndroidManifest.xml:21:13-59
40            android:theme="@style/AppTheme.NoActionBar" />
40-->src\main\AndroidManifest.xml:22:13-56
41        <activity android:name="com.example.myproject.activites.MainActivity" >
41-->src\main\AndroidManifest.xml:23:9-29:20
41-->src\main\AndroidManifest.xml:23:19-57
42            <intent-filter>
42-->src\main\AndroidManifest.xml:24:13-28:29
43                <action android:name="android.intent.action.MAIN" />
43-->src\main\AndroidManifest.xml:25:17-69
43-->src\main\AndroidManifest.xml:25:25-66
44
45                <category android:name="android.intent.category.LAUNCHER" />
45-->src\main\AndroidManifest.xml:27:17-77
45-->src\main\AndroidManifest.xml:27:27-74
46            </intent-filter>
47        </activity>
48        <activity
48-->[com.google.firebase:firebase-auth:17.0.0] AndroidManifest.xml:24:9-31:50
49            android:name="com.google.firebase.auth.internal.FederatedSignInActivity"
49-->[com.google.firebase:firebase-auth:17.0.0] AndroidManifest.xml:25:13-85
50            android:excludeFromRecents="true"
50-->[com.google.firebase:firebase-auth:17.0.0] AndroidManifest.xml:26:13-46
51            android:exported="true"
51-->[com.google.firebase:firebase-auth:17.0.0] AndroidManifest.xml:27:13-36
52            android:launchMode="singleTask"
52-->[com.google.firebase:firebase-auth:17.0.0] AndroidManifest.xml:28:13-44
53            android:permission="com.google.firebase.auth.api.gms.permission.LAUNCH_FEDERATED_SIGN_IN"
53-->[com.google.firebase:firebase-auth:17.0.0] AndroidManifest.xml:29:13-102
54            android:theme="@android:style/Theme.Translucent.NoTitleBar" />
54-->[com.google.firebase:firebase-auth:17.0.0] AndroidManifest.xml:30:13-72
55
56        <service
56-->[com.google.firebase:firebase-auth:17.0.0] AndroidManifest.xml:33:9-39:19
57            android:name="com.google.firebase.components.ComponentDiscoveryService"
57-->[com.google.firebase:firebase-auth:17.0.0] AndroidManifest.xml:34:13-84
58            android:directBootAware="true"
58-->[com.google.firebase:firebase-common:19.1.0] AndroidManifest.xml:14:13-43
59            android:exported="false" >
59-->[com.google.firebase:firebase-auth:17.0.0] AndroidManifest.xml:35:13-37
60            <meta-data
60-->[com.google.firebase:firebase-auth:17.0.0] AndroidManifest.xml:36:13-38:85
61                android:name="com.google.firebase.components:com.google.firebase.auth.FirebaseAuthRegistrar"
61-->[com.google.firebase:firebase-auth:17.0.0] AndroidManifest.xml:37:17-109
62                android:value="com.google.firebase.components.ComponentRegistrar" />
62-->[com.google.firebase:firebase-auth:17.0.0] AndroidManifest.xml:38:17-82
63            <meta-data
63-->[com.google.firebase:firebase-storage:19.1.0] AndroidManifest.xml:33:13-35:85
64                android:name="com.google.firebase.components:com.google.firebase.storage.StorageRegistrar"
64-->[com.google.firebase:firebase-storage:19.1.0] AndroidManifest.xml:34:17-107
65                android:value="com.google.firebase.components.ComponentRegistrar" />
65-->[com.google.firebase:firebase-storage:19.1.0] AndroidManifest.xml:35:17-82
66            <meta-data
66-->[com.google.android.gms:play-services-measurement-api:17.2.0] AndroidManifest.xml:30:13-32:85
67                android:name="com.google.firebase.components:com.google.firebase.analytics.connector.internal.AnalyticsConnectorRegistrar"
67-->[com.google.android.gms:play-services-measurement-api:17.2.0] AndroidManifest.xml:31:17-139
68                android:value="com.google.firebase.components.ComponentRegistrar" />
68-->[com.google.android.gms:play-services-measurement-api:17.2.0] AndroidManifest.xml:32:17-82
69            <meta-data
69-->[com.google.firebase:firebase-iid:19.0.0] AndroidManifest.xml:32:13-34:85
70                android:name="com.google.firebase.components:com.google.firebase.iid.Registrar"
70-->[com.google.firebase:firebase-iid:19.0.0] AndroidManifest.xml:33:17-96
71                android:value="com.google.firebase.components.ComponentRegistrar" />
71-->[com.google.firebase:firebase-iid:19.0.0] AndroidManifest.xml:34:17-82
72        </service>
73
74        <receiver
74-->[com.google.firebase:firebase-iid:19.0.0] AndroidManifest.xml:37:9-44:20
75            android:name="com.google.firebase.iid.FirebaseInstanceIdReceiver"
75-->[com.google.firebase:firebase-iid:19.0.0] AndroidManifest.xml:38:13-78
76            android:exported="true"
76-->[com.google.firebase:firebase-iid:19.0.0] AndroidManifest.xml:39:13-36
77            android:permission="com.google.android.c2dm.permission.SEND" >
77-->[com.google.firebase:firebase-iid:19.0.0] AndroidManifest.xml:40:13-73
78            <intent-filter>
78-->[com.google.firebase:firebase-iid:19.0.0] AndroidManifest.xml:41:13-43:29
79                <action android:name="com.google.android.c2dm.intent.RECEIVE" />
79-->[com.google.firebase:firebase-iid:19.0.0] AndroidManifest.xml:42:17-81
79-->[com.google.firebase:firebase-iid:19.0.0] AndroidManifest.xml:42:25-78
80            </intent-filter>
81        </receiver>
82
83        <activity
83-->[com.google.android.gms:play-services-base:17.0.0] AndroidManifest.xml:23:9-26:75
84            android:name="com.google.android.gms.common.api.GoogleApiActivity"
84-->[com.google.android.gms:play-services-base:17.0.0] AndroidManifest.xml:24:13-79
85            android:exported="false"
85-->[com.google.android.gms:play-services-base:17.0.0] AndroidManifest.xml:25:13-37
86            android:theme="@android:style/Theme.Translucent.NoTitleBar" />
86-->[com.google.android.gms:play-services-base:17.0.0] AndroidManifest.xml:26:13-72
87
88        <receiver
88-->[com.google.android.gms:play-services-measurement:17.2.0] AndroidManifest.xml:29:9-33:20
89            android:name="com.google.android.gms.measurement.AppMeasurementReceiver"
89-->[com.google.android.gms:play-services-measurement:17.2.0] AndroidManifest.xml:30:13-85
90            android:enabled="true"
90-->[com.google.android.gms:play-services-measurement:17.2.0] AndroidManifest.xml:31:13-35
91            android:exported="false" >
91-->[com.google.android.gms:play-services-measurement:17.2.0] AndroidManifest.xml:32:13-37
92        </receiver>
93        <receiver
93-->[com.google.android.gms:play-services-measurement:17.2.0] AndroidManifest.xml:34:9-42:20
94            android:name="com.google.android.gms.measurement.AppMeasurementInstallReferrerReceiver"
94-->[com.google.android.gms:play-services-measurement:17.2.0] AndroidManifest.xml:35:13-100
95            android:enabled="true"
95-->[com.google.android.gms:play-services-measurement:17.2.0] AndroidManifest.xml:36:13-35
96            android:exported="true"
96-->[com.google.android.gms:play-services-measurement:17.2.0] AndroidManifest.xml:37:13-36
97            android:permission="android.permission.INSTALL_PACKAGES" >
97-->[com.google.android.gms:play-services-measurement:17.2.0] AndroidManifest.xml:38:13-69
98            <intent-filter>
98-->[com.google.android.gms:play-services-measurement:17.2.0] AndroidManifest.xml:39:13-41:29
99                <action android:name="com.android.vending.INSTALL_REFERRER" />
99-->[com.google.android.gms:play-services-measurement:17.2.0] AndroidManifest.xml:40:17-79
99-->[com.google.android.gms:play-services-measurement:17.2.0] AndroidManifest.xml:40:25-76
100            </intent-filter>
101        </receiver>
102
103        <service
103-->[com.google.android.gms:play-services-measurement:17.2.0] AndroidManifest.xml:44:9-47:40
104            android:name="com.google.android.gms.measurement.AppMeasurementService"
104-->[com.google.android.gms:play-services-measurement:17.2.0] AndroidManifest.xml:45:13-84
105            android:enabled="true"
105-->[com.google.android.gms:play-services-measurement:17.2.0] AndroidManifest.xml:46:13-35
106            android:exported="false" />
106-->[com.google.android.gms:play-services-measurement:17.2.0] AndroidManifest.xml:47:13-37
107        <service
107-->[com.google.android.gms:play-services-measurement:17.2.0] AndroidManifest.xml:48:9-52:72
108            android:name="com.google.android.gms.measurement.AppMeasurementJobService"
108-->[com.google.android.gms:play-services-measurement:17.2.0] AndroidManifest.xml:49:13-87
109            android:enabled="true"
109-->[com.google.android.gms:play-services-measurement:17.2.0] AndroidManifest.xml:50:13-35
110            android:exported="false"
110-->[com.google.android.gms:play-services-measurement:17.2.0] AndroidManifest.xml:51:13-37
111            android:permission="android.permission.BIND_JOB_SERVICE" />
111-->[com.google.android.gms:play-services-measurement:17.2.0] AndroidManifest.xml:52:13-69
112
113        <provider
113-->[com.google.firebase:firebase-common:19.1.0] AndroidManifest.xml:17:9-21:39
114            android:name="com.google.firebase.provider.FirebaseInitProvider"
114-->[com.google.firebase:firebase-common:19.1.0] AndroidManifest.xml:18:13-77
115            android:authorities="com.example.myproject.firebaseinitprovider"
115-->[com.google.firebase:firebase-common:19.1.0] AndroidManifest.xml:19:13-72
116            android:exported="false"
116-->[com.google.firebase:firebase-common:19.1.0] AndroidManifest.xml:20:13-37
117            android:initOrder="100" />
117-->[com.google.firebase:firebase-common:19.1.0] AndroidManifest.xml:21:13-36
118
119        <meta-data
119-->[com.google.android.gms:play-services-basement:17.0.0] AndroidManifest.xml:23:9-25:69
120            android:name="com.google.android.gms.version"
120-->[com.google.android.gms:play-services-basement:17.0.0] AndroidManifest.xml:24:13-58
121            android:value="@integer/google_play_services_version" />
121-->[com.google.android.gms:play-services-basement:17.0.0] AndroidManifest.xml:25:13-66
122    </application>
123
124</manifest>